<?xml version="1.0" encoding="UTF-8"?>
<testsuite name="SILab2Test" tests="3" skipped="0" failures="0" errors="0" timestamp="2023-05-20T18:29:54" hostname="LAPTOP-PV2H3JCA" time="0.061">
  <properties/>
  <testcase name="functionalTest()" classname="SILab2Test" time="0.05"/>
  <testcase name="everyBranchTest()" classname="SILab2Test" time="0.006"/>
  <testcase name="multipleConditionTest()" classname="SILab2Test" time="0.003"/>
  <system-out><![CDATA[]]></system-out>
  <system-err><![CDATA[]]></system-err>
</testsuite>
